<?xml version="1.0" encoding="UTF-8"?>
<testng-results skipped="0" failed="3" ignored="1" total="12" passed="8">
  <reporter-output>
    <line>
      <![CDATA[---------------Bits not Loaded---------------]]>
    </line>
  </reporter-output>
  <suite name="Suite1" duration-ms="145544" started-at="2017-09-26T17:32:30Z" finished-at="2017-09-26T17:34:56Z">
    <groups>
    </groups>
    <test name="Test_Frenzy" duration-ms="145544" started-at="2017-09-26T17:32:30Z" finished-at="2017-09-26T17:34:56Z">
      <class name="Package_1.Test_Frenzy">
        <test-method status="PASS" signature="AbrirNavegador()[pri:0, instance:Package_1.Test_Frenzy@546a03af]" name="AbrirNavegador" duration-ms="5737" started-at="2017-09-26T11:32:30Z" description="Abre el navegador configurado" finished-at="2017-09-26T11:32:36Z">
          <reporter-output>
          </reporter-output>
        </test-method> <!-- AbrirNavegador -->
        <test-method status="PASS" signature="Login()[pri:0, instance:Package_1.Test_Frenzy@546a03af]" name="Login" duration-ms="5869" started-at="2017-09-26T11:32:36Z" description="Se inicia sesión con los datos correspondientes" finished-at="2017-09-26T11:32:42Z">
          <reporter-output>
          </reporter-output>
        </test-method> <!-- Login -->
        <test-method status="PASS" signature="Navegacion()[pri:0, instance:Package_1.Test_Frenzy@546a03af]" name="Navegacion" duration-ms="13526" started-at="2017-09-26T11:32:42Z" description="Navegación y test de los links en el menu" finished-at="2017-09-26T11:32:56Z">
          <reporter-output>
            <line>
              <![CDATA[---------------Bits not Loaded---------------]]>
            </line>
          </reporter-output>
        </test-method> <!-- Navegacion -->
        <test-method status="FAIL" signature="BotonesHome()[pri:0, instance:Package_1.Test_Frenzy@546a03af]" name="BotonesHome" duration-ms="34655" started-at="2017-09-26T11:32:56Z" description="Test de los botones y alertas en pantalla" finished-at="2017-09-26T11:33:30Z">
          <exception class="org.openqa.selenium.TimeoutException">
            <message>
              <![CDATA[Expected condition failed: waiting for element to be clickable: By.xpath: //DIV[@class='buttonTutorialCodePromotion flexVerticalCenter justifyContentCenter'] (tried for 30 second(s) with 500 MILLISECONDS interval)]]>
            </message>
            <full-stacktrace>
              <![CDATA[org.openqa.selenium.TimeoutException: Expected condition failed: waiting for element to be clickable: By.xpath: //DIV[@class='buttonTutorialCodePromotion flexVerticalCenter justifyContentCenter'] (tried for 30 second(s) with 500 MILLISECONDS interval)
	at org.openqa.selenium.support.ui.WebDriverWait.timeoutException(WebDriverWait.java:80)
	at org.openqa.selenium.support.ui.FluentWait.until(FluentWait.java:232)
	at Package_1.Test_Frenzy.BotonesHome(Test_Frenzy.java:143)
	at sun.reflect.NativeMethodAccessorImpl.invoke0(Native Method)
	at sun.reflect.NativeMethodAccessorImpl.invoke(Unknown Source)
	at sun.reflect.DelegatingMethodAccessorImpl.invoke(Unknown Source)
	at java.lang.reflect.Method.invoke(Unknown Source)
	at org.testng.internal.MethodInvocationHelper.invokeMethod(MethodInvocationHelper.java:108)
	at org.testng.internal.Invoker.invokeMethod(Invoker.java:669)
	at org.testng.internal.Invoker.invokeTestMethod(Invoker.java:877)
	at org.testng.internal.Invoker.invokeTestMethods(Invoker.java:1201)
	at org.testng.internal.TestMethodWorker.invokeTestMethods(TestMethodWorker.java:125)
	at org.testng.internal.TestMethodWorker.run(TestMethodWorker.java:109)
	at org.testng.TestRunner.privateRun(TestRunner.java:776)
	at org.testng.TestRunner.run(TestRunner.java:634)
	at org.testng.SuiteRunner.runTest(SuiteRunner.java:425)
	at org.testng.SuiteRunner.runSequentially(SuiteRunner.java:420)
	at org.testng.SuiteRunner.privateRun(SuiteRunner.java:385)
	at org.testng.SuiteRunner.run(SuiteRunner.java:334)
	at org.testng.SuiteRunnerWorker.runSuite(SuiteRunnerWorker.java:52)
	at org.testng.SuiteRunnerWorker.run(SuiteRunnerWorker.java:86)
	at org.testng.TestNG.runSuitesSequentially(TestNG.java:1318)
	at org.testng.TestNG.runSuitesLocally(TestNG.java:1243)
	at org.testng.TestNG.runSuites(TestNG.java:1161)
	at org.testng.TestNG.run(TestNG.java:1129)
	at org.testng.TestNG.privateMain(TestNG.java:1459)
	at org.testng.TestNG.main(TestNG.java:1428)
Caused by: org.openqa.selenium.NoSuchElementException: Cannot locate an element using By.xpath: //DIV[@class='buttonTutorialCodePromotion flexVerticalCenter justifyContentCenter']
For documentation on this error, please visit: http://seleniumhq.org/exceptions/no_such_element.html
Build info: version: 'unknown', revision: 'unknown', time: 'unknown'
System info: host: 'COGNITSBRYANPAZ', ip: '192.168.50.174', os.name: 'Windows 10', os.arch: 'amd64', os.version: '10.0', java.version: '1.8.0_144'
Driver info: driver.version: unknown
	at org.openqa.selenium.support.ui.ExpectedConditions.lambda$findElement$0(ExpectedConditions.java:883)
	at java.util.Optional.orElseThrow(Unknown Source)
	at org.openqa.selenium.support.ui.ExpectedConditions.findElement(ExpectedConditions.java:882)
	at org.openqa.selenium.support.ui.ExpectedConditions.access$000(ExpectedConditions.java:44)
	at org.openqa.selenium.support.ui.ExpectedConditions$7.apply(ExpectedConditions.java:206)
	at org.openqa.selenium.support.ui.ExpectedConditions$7.apply(ExpectedConditions.java:202)
	at org.openqa.selenium.support.ui.ExpectedConditions$22.apply(ExpectedConditions.java:644)
	at org.openqa.selenium.support.ui.ExpectedConditions$22.apply(ExpectedConditions.java:641)
	at org.openqa.selenium.support.ui.FluentWait.until(FluentWait.java:209)
	... 25 more
]]>
            </full-stacktrace>
          </exception> <!-- org.openqa.selenium.TimeoutException -->
          <reporter-output>
          </reporter-output>
        </test-method> <!-- BotonesHome -->
        <test-method status="PASS" signature="Categorias()[pri:0, instance:Package_1.Test_Frenzy@546a03af]" name="Categorias" duration-ms="748" started-at="2017-09-26T11:33:30Z" description="Test en todas las categorias existentes" finished-at="2017-09-26T11:33:31Z">
          <reporter-output>
          </reporter-output>
        </test-method> <!-- Categorias -->
        <test-method status="PASS" signature="GanarBits()[pri:0, instance:Package_1.Test_Frenzy@546a03af]" name="GanarBits" duration-ms="2525" started-at="2017-09-26T11:33:31Z" description="Test del botón: ¿como ganar bits?" finished-at="2017-09-26T11:33:34Z">
          <reporter-output>
          </reporter-output>
        </test-method> <!-- GanarBits -->
        <test-method status="PASS" signature="QueEsFrenzyVideo()[pri:0, instance:Package_1.Test_Frenzy@546a03af]" name="QueEsFrenzyVideo" duration-ms="5751" started-at="2017-09-26T11:33:34Z" description="Test del botón para ver el vídeo en Que es Frenzy" finished-at="2017-09-26T11:33:39Z">
          <reporter-output>
          </reporter-output>
        </test-method> <!-- QueEsFrenzyVideo -->
        <test-method status="FAIL" signature="ComoGanoBits()[pri:0, instance:Package_1.Test_Frenzy@546a03af]" name="ComoGanoBits" duration-ms="35517" started-at="2017-09-26T11:33:39Z" description="Boton de cómo ganar bits en la vista points" finished-at="2017-09-26T11:34:15Z">
          <exception class="org.openqa.selenium.TimeoutException">
            <message>
              <![CDATA[Expected condition failed: waiting for element to be clickable: By.xpath: //DIV[@class='buttonTutorialHowWin flexVerticalCenter justifyContentCenter'] (tried for 30 second(s) with 500 MILLISECONDS interval)]]>
            </message>
            <full-stacktrace>
              <![CDATA[org.openqa.selenium.TimeoutException: Expected condition failed: waiting for element to be clickable: By.xpath: //DIV[@class='buttonTutorialHowWin flexVerticalCenter justifyContentCenter'] (tried for 30 second(s) with 500 MILLISECONDS interval)
	at org.openqa.selenium.support.ui.WebDriverWait.timeoutException(WebDriverWait.java:80)
	at org.openqa.selenium.support.ui.FluentWait.until(FluentWait.java:232)
	at Package_1.Test_Frenzy.ComoGanoBits(Test_Frenzy.java:266)
	at sun.reflect.NativeMethodAccessorImpl.invoke0(Native Method)
	at sun.reflect.NativeMethodAccessorImpl.invoke(Unknown Source)
	at sun.reflect.DelegatingMethodAccessorImpl.invoke(Unknown Source)
	at java.lang.reflect.Method.invoke(Unknown Source)
	at org.testng.internal.MethodInvocationHelper.invokeMethod(MethodInvocationHelper.java:108)
	at org.testng.internal.Invoker.invokeMethod(Invoker.java:669)
	at org.testng.internal.Invoker.invokeTestMethod(Invoker.java:877)
	at org.testng.internal.Invoker.invokeTestMethods(Invoker.java:1201)
	at org.testng.internal.TestMethodWorker.invokeTestMethods(TestMethodWorker.java:125)
	at org.testng.internal.TestMethodWorker.run(TestMethodWorker.java:109)
	at org.testng.TestRunner.privateRun(TestRunner.java:776)
	at org.testng.TestRunner.run(TestRunner.java:634)
	at org.testng.SuiteRunner.runTest(SuiteRunner.java:425)
	at org.testng.SuiteRunner.runSequentially(SuiteRunner.java:420)
	at org.testng.SuiteRunner.privateRun(SuiteRunner.java:385)
	at org.testng.SuiteRunner.run(SuiteRunner.java:334)
	at org.testng.SuiteRunnerWorker.runSuite(SuiteRunnerWorker.java:52)
	at org.testng.SuiteRunnerWorker.run(SuiteRunnerWorker.java:86)
	at org.testng.TestNG.runSuitesSequentially(TestNG.java:1318)
	at org.testng.TestNG.runSuitesLocally(TestNG.java:1243)
	at org.testng.TestNG.runSuites(TestNG.java:1161)
	at org.testng.TestNG.run(TestNG.java:1129)
	at org.testng.TestNG.privateMain(TestNG.java:1459)
	at org.testng.TestNG.main(TestNG.java:1428)
Caused by: org.openqa.selenium.NoSuchElementException: Cannot locate an element using By.xpath: //DIV[@class='buttonTutorialHowWin flexVerticalCenter justifyContentCenter']
For documentation on this error, please visit: http://seleniumhq.org/exceptions/no_such_element.html
Build info: version: 'unknown', revision: 'unknown', time: 'unknown'
System info: host: 'COGNITSBRYANPAZ', ip: '192.168.50.174', os.name: 'Windows 10', os.arch: 'amd64', os.version: '10.0', java.version: '1.8.0_144'
Driver info: driver.version: unknown
	at org.openqa.selenium.support.ui.ExpectedConditions.lambda$findElement$0(ExpectedConditions.java:883)
	at java.util.Optional.orElseThrow(Unknown Source)
	at org.openqa.selenium.support.ui.ExpectedConditions.findElement(ExpectedConditions.java:882)
	at org.openqa.selenium.support.ui.ExpectedConditions.access$000(ExpectedConditions.java:44)
	at org.openqa.selenium.support.ui.ExpectedConditions$7.apply(ExpectedConditions.java:206)
	at org.openqa.selenium.support.ui.ExpectedConditions$7.apply(ExpectedConditions.java:202)
	at org.openqa.selenium.support.ui.ExpectedConditions$22.apply(ExpectedConditions.java:644)
	at org.openqa.selenium.support.ui.ExpectedConditions$22.apply(ExpectedConditions.java:641)
	at org.openqa.selenium.support.ui.FluentWait.until(FluentWait.java:209)
	... 25 more
]]>
            </full-stacktrace>
          </exception> <!-- org.openqa.selenium.TimeoutException -->
          <reporter-output>
          </reporter-output>
        </test-method> <!-- ComoGanoBits -->
        <test-method status="FAIL" signature="Ofertas()[pri:0, instance:Package_1.Test_Frenzy@546a03af]" name="Ofertas" duration-ms="30316" started-at="2017-09-26T11:34:15Z" description="Test de la vista ofertas de los socios correspondientes." finished-at="2017-09-26T11:34:45Z">
          <exception class="org.openqa.selenium.TimeoutException">
            <message>
              <![CDATA[Expected condition failed: waiting for visibility of element located by By.xpath: //DIV[@class='col-xs-12 col-sm-12 col-md-11 col-lg-10'] (tried for 30 second(s) with 500 MILLISECONDS interval)]]>
            </message>
            <full-stacktrace>
              <![CDATA[org.openqa.selenium.TimeoutException: Expected condition failed: waiting for visibility of element located by By.xpath: //DIV[@class='col-xs-12 col-sm-12 col-md-11 col-lg-10'] (tried for 30 second(s) with 500 MILLISECONDS interval)
	at org.openqa.selenium.support.ui.WebDriverWait.timeoutException(WebDriverWait.java:80)
	at org.openqa.selenium.support.ui.FluentWait.until(FluentWait.java:232)
	at Package_1.Test_Frenzy.Ofertas(Test_Frenzy.java:278)
	at sun.reflect.NativeMethodAccessorImpl.invoke0(Native Method)
	at sun.reflect.NativeMethodAccessorImpl.invoke(Unknown Source)
	at sun.reflect.DelegatingMethodAccessorImpl.invoke(Unknown Source)
	at java.lang.reflect.Method.invoke(Unknown Source)
	at org.testng.internal.MethodInvocationHelper.invokeMethod(MethodInvocationHelper.java:108)
	at org.testng.internal.Invoker.invokeMethod(Invoker.java:669)
	at org.testng.internal.Invoker.invokeTestMethod(Invoker.java:877)
	at org.testng.internal.Invoker.invokeTestMethods(Invoker.java:1201)
	at org.testng.internal.TestMethodWorker.invokeTestMethods(TestMethodWorker.java:125)
	at org.testng.internal.TestMethodWorker.run(TestMethodWorker.java:109)
	at org.testng.TestRunner.privateRun(TestRunner.java:776)
	at org.testng.TestRunner.run(TestRunner.java:634)
	at org.testng.SuiteRunner.runTest(SuiteRunner.java:425)
	at org.testng.SuiteRunner.runSequentially(SuiteRunner.java:420)
	at org.testng.SuiteRunner.privateRun(SuiteRunner.java:385)
	at org.testng.SuiteRunner.run(SuiteRunner.java:334)
	at org.testng.SuiteRunnerWorker.runSuite(SuiteRunnerWorker.java:52)
	at org.testng.SuiteRunnerWorker.run(SuiteRunnerWorker.java:86)
	at org.testng.TestNG.runSuitesSequentially(TestNG.java:1318)
	at org.testng.TestNG.runSuitesLocally(TestNG.java:1243)
	at org.testng.TestNG.runSuites(TestNG.java:1161)
	at org.testng.TestNG.run(TestNG.java:1129)
	at org.testng.TestNG.privateMain(TestNG.java:1459)
	at org.testng.TestNG.main(TestNG.java:1428)
Caused by: org.openqa.selenium.NoSuchElementException: Cannot locate an element using By.xpath: //DIV[@class='col-xs-12 col-sm-12 col-md-11 col-lg-10']
For documentation on this error, please visit: http://seleniumhq.org/exceptions/no_such_element.html
Build info: version: 'unknown', revision: 'unknown', time: 'unknown'
System info: host: 'COGNITSBRYANPAZ', ip: '192.168.50.174', os.name: 'Windows 10', os.arch: 'amd64', os.version: '10.0', java.version: '1.8.0_144'
Driver info: driver.version: unknown
	at org.openqa.selenium.support.ui.ExpectedConditions.lambda$findElement$0(ExpectedConditions.java:883)
	at java.util.Optional.orElseThrow(Unknown Source)
	at org.openqa.selenium.support.ui.ExpectedConditions.findElement(ExpectedConditions.java:882)
	at org.openqa.selenium.support.ui.ExpectedConditions.access$000(ExpectedConditions.java:44)
	at org.openqa.selenium.support.ui.ExpectedConditions$7.apply(ExpectedConditions.java:206)
	at org.openqa.selenium.support.ui.ExpectedConditions$7.apply(ExpectedConditions.java:202)
	at org.openqa.selenium.support.ui.FluentWait.until(FluentWait.java:209)
	... 25 more
]]>
            </full-stacktrace>
          </exception> <!-- org.openqa.selenium.TimeoutException -->
          <reporter-output>
          </reporter-output>
        </test-method> <!-- Ofertas -->
        <test-method status="PASS" signature="Premios()[pri:0, instance:Package_1.Test_Frenzy@546a03af]" name="Premios" duration-ms="7204" started-at="2017-09-26T11:34:45Z" description="Test de la vista premios" finished-at="2017-09-26T11:34:52Z">
          <reporter-output>
          </reporter-output>
        </test-method> <!-- Premios -->
        <test-method status="PASS" signature="BotonesApp()[pri:0, instance:Package_1.Test_Frenzy@546a03af]" name="BotonesApp" duration-ms="3686" started-at="2017-09-26T11:34:52Z" description="Botones descargar en play store y app store" finished-at="2017-09-26T11:34:56Z">
          <reporter-output>
          </reporter-output>
        </test-method> <!-- BotonesApp -->
      </class> <!-- Package_1.Test_Frenzy -->
    </test> <!-- Test_Frenzy -->
  </suite> <!-- Suite1 -->
</testng-results>
